[2019-08-08 11:09:02] Текст ошибки: Class 'app\controllers\Cache' not found | Файл ошибки: C:\OSPanel\domains\PHP\app\controllers\MainController.php | Строка ошибки: 19 
------------------------
[2019-08-08 11:09:37] Текст ошибки: syntax error, unexpected 'use' (T_USE), expecting identifier (T_STRING) or function (T_FUNCTION) or const (T_CONST) or \\ (T_NS_SEPARATOR) | Файл ошибки: C:\OSPanel\domains\PHP\app\controllers\MainController.php | Строка ошибки: 7 
------------------------
[2019-08-09 11:59:16] Текст ошибки: Страница не найдена | Файл ошибки: C:\OSPanel\domains\PHP\vendor\php\core\Router.php | Строка ошибки: 45 
------------------------
[2019-08-09 11:59:16] Текст ошибки: Страница не найдена | Файл ошибки: C:\OSPanel\domains\PHP\vendor\php\core\Router.php | Строка ошибки: 45 
------------------------
[2019-08-09 11:59:16] Текст ошибки: Страница не найдена | Файл ошибки: C:\OSPanel\domains\PHP\vendor\php\core\Router.php | Строка ошибки: 45 
------------------------
[2019-08-09 11:59:16] Текст ошибки: Страница не найдена | Файл ошибки: C:\OSPanel\domains\PHP\vendor\php\core\Router.php | Строка ошибки: 45 
------------------------
[2019-08-09 11:59:16] Текст ошибки: Страница не найдена | Файл ошибки: C:\OSPanel\domains\PHP\vendor\php\core\Router.php | Строка ошибки: 45 
------------------------
[2019-08-09 11:59:16] Текст ошибки: Страница не найдена | Файл ошибки: C:\OSPanel\domains\PHP\vendor\php\core\Router.php | Строка ошибки: 45 
------------------------
[2019-08-09 11:59:16] Текст ошибки: Страница не найдена | Файл ошибки: C:\OSPanel\domains\PHP\vendor\php\core\Router.php | Строка ошибки: 45 
------------------------
[2019-08-09 11:59:16] Текст ошибки: Страница не найдена | Файл ошибки: C:\OSPanel\domains\PHP\vendor\php\core\Router.php | Строка ошибки: 45 
------------------------
[2019-08-09 11:59:16] Текст ошибки: Страница не найдена | Файл ошибки: C:\OSPanel\domains\PHP\vendor\php\core\Router.php | Строка ошибки: 45 
------------------------
[2019-08-09 11:59:16] Текст ошибки: Страница не найдена | Файл ошибки: C:\OSPanel\domains\PHP\vendor\php\core\Router.php | Строка ошибки: 45 
------------------------
[2019-08-09 11:59:16] Текст ошибки: Страница не найдена | Файл ошибки: C:\OSPanel\domains\PHP\vendor\php\core\Router.php | Строка ошибки: 45 
------------------------
[2019-08-09 11:59:16] Текст ошибки: Страница не найдена | Файл ошибки: C:\OSPanel\domains\PHP\vendor\php\core\Router.php | Строка ошибки: 45 
------------------------
[2019-08-09 11:59:16] Текст ошибки: Страница не найдена | Файл ошибки: C:\OSPanel\domains\PHP\vendor\php\core\Router.php | Строка ошибки: 45 
------------------------
[2019-08-09 11:59:16] Текст ошибки: Страница не найдена | Файл ошибки: C:\OSPanel\domains\PHP\vendor\php\core\Router.php | Строка ошибки: 45 
------------------------
[2019-08-09 11:59:16] Текст ошибки: Страница не найдена | Файл ошибки: C:\OSPanel\domains\PHP\vendor\php\core\Router.php | Строка ошибки: 45 
------------------------
[2019-08-09 11:59:16] Текст ошибки: Страница не найдена | Файл ошибки: C:\OSPanel\domains\PHP\vendor\php\core\Router.php | Строка ошибки: 45 
------------------------
[2019-08-09 11:59:16] Текст ошибки: Страница не найдена | Файл ошибки: C:\OSPanel\domains\PHP\vendor\php\core\Router.php | Строка ошибки: 45 
------------------------
[2019-08-09 11:59:16] Текст ошибки: Страница не найдена | Файл ошибки: C:\OSPanel\domains\PHP\vendor\php\core\Router.php | Строка ошибки: 45 
------------------------
[2019-08-09 11:59:16] Текст ошибки: Страница не найдена | Файл ошибки: C:\OSPanel\domains\PHP\vendor\php\core\Router.php | Строка ошибки: 45 
------------------------
[2019-08-09 11:59:16] Текст ошибки: Страница не найдена | Файл ошибки: C:\OSPanel\domains\PHP\vendor\php\core\Router.php | Строка ошибки: 45 
------------------------
[2019-08-09 11:59:16] Текст ошибки: Страница не найдена | Файл ошибки: C:\OSPanel\domains\PHP\vendor\php\core\Router.php | Строка ошибки: 45 
------------------------
[2019-08-09 11:59:16] Текст ошибки: Страница не найдена | Файл ошибки: C:\OSPanel\domains\PHP\vendor\php\core\Router.php | Строка ошибки: 45 
------------------------
[2019-08-09 11:59:16] Текст ошибки: Страница не найдена | Файл ошибки: C:\OSPanel\domains\PHP\vendor\php\core\Router.php | Строка ошибки: 45 
------------------------
[2019-08-09 11:59:16] Текст ошибки: Страница не найдена | Файл ошибки: C:\OSPanel\domains\PHP\vendor\php\core\Router.php | Строка ошибки: 45 
------------------------
[2019-08-09 11:59:16] Текст ошибки: Страница не найдена | Файл ошибки: C:\OSPanel\domains\PHP\vendor\php\core\Router.php | Строка ошибки: 45 
------------------------
[2019-08-09 11:59:16] Текст ошибки: Страница не найдена | Файл ошибки: C:\OSPanel\domains\PHP\vendor\php\core\Router.php | Строка ошибки: 45 
------------------------
[2019-08-09 11:59:16] Текст ошибки: Страница не найдена | Файл ошибки: C:\OSPanel\domains\PHP\vendor\php\core\Router.php | Строка ошибки: 45 
------------------------
[2019-08-09 11:59:16] Текст ошибки: Страница не найдена | Файл ошибки: C:\OSPanel\domains\PHP\vendor\php\core\Router.php | Строка ошибки: 45 
------------------------
[2019-08-09 11:59:16] Текст ошибки: Страница не найдена | Файл ошибки: C:\OSPanel\domains\PHP\vendor\php\core\Router.php | Строка ошибки: 45 
------------------------
[2019-08-09 11:59:16] Текст ошибки: Страница не найдена | Файл ошибки: C:\OSPanel\domains\PHP\vendor\php\core\Router.php | Строка ошибки: 45 
------------------------
[2019-08-09 11:59:16] Текст ошибки: Страница не найдена | Файл ошибки: C:\OSPanel\domains\PHP\vendor\php\core\Router.php | Строка ошибки: 45 
------------------------
[2019-08-09 11:59:16] Текст ошибки: Страница не найдена | Файл ошибки: C:\OSPanel\domains\PHP\vendor\php\core\Router.php | Строка ошибки: 45 
------------------------
[2019-08-09 11:59:16] Текст ошибки: Страница не найдена | Файл ошибки: C:\OSPanel\domains\PHP\vendor\php\core\Router.php | Строка ошибки: 45 
------------------------
[2019-08-09 11:59:16] Текст ошибки: Страница не найдена | Файл ошибки: C:\OSPanel\domains\PHP\vendor\php\core\Router.php | Строка ошибки: 45 
------------------------
[2019-08-09 11:59:16] Текст ошибки: Страница не найдена | Файл ошибки: C:\OSPanel\domains\PHP\vendor\php\core\Router.php | Строка ошибки: 45 
------------------------
[2019-08-09 11:59:16] Текст ошибки: Страница не найдена | Файл ошибки: C:\OSPanel\domains\PHP\vendor\php\core\Router.php | Строка ошибки: 45 
------------------------
[2019-08-09 11:59:16] Текст ошибки: Страница не найдена | Файл ошибки: C:\OSPanel\domains\PHP\vendor\php\core\Router.php | Строка ошибки: 45 
------------------------
[2019-08-09 11:59:16] Текст ошибки: Страница не найдена | Файл ошибки: C:\OSPanel\domains\PHP\vendor\php\core\Router.php | Строка ошибки: 45 
------------------------
[2019-08-09 11:59:16] Текст ошибки: Страница не найдена | Файл ошибки: C:\OSPanel\domains\PHP\vendor\php\core\Router.php | Строка ошибки: 45 
------------------------
[2019-08-09 11:59:16] Текст ошибки: Страница не найдена | Файл ошибки: C:\OSPanel\domains\PHP\vendor\php\core\Router.php | Строка ошибки: 45 
------------------------
[2019-08-09 11:59:16] Текст ошибки: Страница не найдена | Файл ошибки: C:\OSPanel\domains\PHP\vendor\php\core\Router.php | Строка ошибки: 45 
------------------------
[2019-08-09 11:59:16] Текст ошибки: Страница не найдена | Файл ошибки: C:\OSPanel\domains\PHP\vendor\php\core\Router.php | Строка ошибки: 45 
------------------------
[2019-08-09 11:59:16] Текст ошибки: Страница не найдена | Файл ошибки: C:\OSPanel\domains\PHP\vendor\php\core\Router.php | Строка ошибки: 45 
------------------------
[2019-08-09 11:59:16] Текст ошибки: Страница не найдена | Файл ошибки: C:\OSPanel\domains\PHP\vendor\php\core\Router.php | Строка ошибки: 45 
------------------------
[2019-08-09 11:59:16] Текст ошибки: Страница не найдена | Файл ошибки: C:\OSPanel\domains\PHP\vendor\php\core\Router.php | Строка ошибки: 45 
------------------------
[2019-08-09 11:59:16] Текст ошибки: Страница не найдена | Файл ошибки: C:\OSPanel\domains\PHP\vendor\php\core\Router.php | Строка ошибки: 45 
------------------------
[2019-08-09 11:59:16] Текст ошибки: Страница не найдена | Файл ошибки: C:\OSPanel\domains\PHP\vendor\php\core\Router.php | Строка ошибки: 45 
------------------------
[2019-08-09 11:59:16] Текст ошибки: Страница не найдена | Файл ошибки: C:\OSPanel\domains\PHP\vendor\php\core\Router.php | Строка ошибки: 45 
------------------------
[2019-08-09 11:59:16] Текст ошибки: Страница не найдена | Файл ошибки: C:\OSPanel\domains\PHP\vendor\php\core\Router.php | Строка ошибки: 45 
------------------------
[2019-08-09 11:59:16] Текст ошибки: Страница не найдена | Файл ошибки: C:\OSPanel\domains\PHP\vendor\php\core\Router.php | Строка ошибки: 45 
------------------------
[2019-08-09 11:59:16] Текст ошибки: Страница не найдена | Файл ошибки: C:\OSPanel\domains\PHP\vendor\php\core\Router.php | Строка ошибки: 45 
------------------------
[2019-08-09 11:59:16] Текст ошибки: Страница не найдена | Файл ошибки: C:\OSPanel\domains\PHP\vendor\php\core\Router.php | Строка ошибки: 45 
------------------------
[2019-08-09 11:59:16] Текст ошибки: Страница не найдена | Файл ошибки: C:\OSPanel\domains\PHP\vendor\php\core\Router.php | Строка ошибки: 45 
------------------------
[2019-08-09 11:59:16] Текст ошибки: Страница не найдена | Файл ошибки: C:\OSPanel\domains\PHP\vendor\php\core\Router.php | Строка ошибки: 45 
------------------------
[2019-08-09 11:59:39] Текст ошибки: Страница не найдена | Файл ошибки: C:\OSPanel\domains\PHP\vendor\php\core\Router.php | Строка ошибки: 45 
------------------------
[2019-08-09 11:59:39] Текст ошибки: Страница не найдена | Файл ошибки: C:\OSPanel\domains\PHP\vendor\php\core\Router.php | Строка ошибки: 45 
------------------------
[2019-08-09 11:59:39] Текст ошибки: Страница не найдена | Файл ошибки: C:\OSPanel\domains\PHP\vendor\php\core\Router.php | Строка ошибки: 45 
------------------------
[2019-08-09 11:59:39] Текст ошибки: Страница не найдена | Файл ошибки: C:\OSPanel\domains\PHP\vendor\php\core\Router.php | Строка ошибки: 45 
------------------------
[2019-08-09 11:59:39] Текст ошибки: Страница не найдена | Файл ошибки: C:\OSPanel\domains\PHP\vendor\php\core\Router.php | Строка ошибки: 45 
------------------------
[2019-08-09 11:59:39] Текст ошибки: Страница не найдена | Файл ошибки: C:\OSPanel\domains\PHP\vendor\php\core\Router.php | Строка ошибки: 45 
------------------------
[2019-08-09 11:59:39] Текст ошибки: Страница не найдена | Файл ошибки: C:\OSPanel\domains\PHP\vendor\php\core\Router.php | Строка ошибки: 45 
------------------------
[2019-08-09 11:59:39] Текст ошибки: Страница не найдена | Файл ошибки: C:\OSPanel\domains\PHP\vendor\php\core\Router.php | Строка ошибки: 45 
------------------------
[2019-08-09 11:59:39] Текст ошибки: Страница не найдена | Файл ошибки: C:\OSPanel\domains\PHP\vendor\php\core\Router.php | Строка ошибки: 45 
------------------------
[2019-08-09 11:59:39] Текст ошибки: Страница не найдена | Файл ошибки: C:\OSPanel\domains\PHP\vendor\php\core\Router.php | Строка ошибки: 45 
------------------------
[2019-08-09 11:59:39] Текст ошибки: Страница не найдена | Файл ошибки: C:\OSPanel\domains\PHP\vendor\php\core\Router.php | Строка ошибки: 45 
------------------------
[2019-08-09 11:59:39] Текст ошибки: Страница не найдена | Файл ошибки: C:\OSPanel\domains\PHP\vendor\php\core\Router.php | Строка ошибки: 45 
------------------------
[2019-08-09 11:59:39] Текст ошибки: Страница не найдена | Файл ошибки: C:\OSPanel\domains\PHP\vendor\php\core\Router.php | Строка ошибки: 45 
------------------------
[2019-08-09 11:59:39] Текст ошибки: Страница не найдена | Файл ошибки: C:\OSPanel\domains\PHP\vendor\php\core\Router.php | Строка ошибки: 45 
------------------------
[2019-08-09 11:59:39] Текст ошибки: Страница не найдена | Файл ошибки: C:\OSPanel\domains\PHP\vendor\php\core\Router.php | Строка ошибки: 45 
------------------------
[2019-08-09 11:59:39] Текст ошибки: Страница не найдена | Файл ошибки: C:\OSPanel\domains\PHP\vendor\php\core\Router.php | Строка ошибки: 45 
------------------------
[2019-08-09 11:59:39] Текст ошибки: Страница не найдена | Файл ошибки: C:\OSPanel\domains\PHP\vendor\php\core\Router.php | Строка ошибки: 45 
------------------------
[2019-08-09 11:59:39] Текст ошибки: Страница не найдена | Файл ошибки: C:\OSPanel\domains\PHP\vendor\php\core\Router.php | Строка ошибки: 45 
------------------------
[2019-08-09 11:59:39] Текст ошибки: Страница не найдена | Файл ошибки: C:\OSPanel\domains\PHP\vendor\php\core\Router.php | Строка ошибки: 45 
------------------------
[2019-08-09 11:59:39] Текст ошибки: Страница не найдена | Файл ошибки: C:\OSPanel\domains\PHP\vendor\php\core\Router.php | Строка ошибки: 45 
------------------------
[2019-08-09 11:59:39] Текст ошибки: Страница не найдена | Файл ошибки: C:\OSPanel\domains\PHP\vendor\php\core\Router.php | Строка ошибки: 45 
------------------------
[2019-08-09 11:59:39] Текст ошибки: Страница не найдена | Файл ошибки: C:\OSPanel\domains\PHP\vendor\php\core\Router.php | Строка ошибки: 45 
------------------------
[2019-08-09 11:59:39] Текст ошибки: Страница не найдена | Файл ошибки: C:\OSPanel\domains\PHP\vendor\php\core\Router.php | Строка ошибки: 45 
------------------------
[2019-08-09 11:59:39] Текст ошибки: Страница не найдена | Файл ошибки: C:\OSPanel\domains\PHP\vendor\php\core\Router.php | Строка ошибки: 45 
------------------------
[2019-08-09 11:59:39] Текст ошибки: Страница не найдена | Файл ошибки: C:\OSPanel\domains\PHP\vendor\php\core\Router.php | Строка ошибки: 45 
------------------------
[2019-08-09 11:59:39] Текст ошибки: Страница не найдена | Файл ошибки: C:\OSPanel\domains\PHP\vendor\php\core\Router.php | Строка ошибки: 45 
------------------------
[2019-08-09 11:59:39] Текст ошибки: Страница не найдена | Файл ошибки: C:\OSPanel\domains\PHP\vendor\php\core\Router.php | Строка ошибки: 45 
------------------------
[2019-08-09 11:59:39] Текст ошибки: Страница не найдена | Файл ошибки: C:\OSPanel\domains\PHP\vendor\php\core\Router.php | Строка ошибки: 45 
------------------------
[2019-08-09 11:59:39] Текст ошибки: Страница не найдена | Файл ошибки: C:\OSPanel\domains\PHP\vendor\php\core\Router.php | Строка ошибки: 45 
------------------------
[2019-08-09 11:59:39] Текст ошибки: Страница не найдена | Файл ошибки: C:\OSPanel\domains\PHP\vendor\php\core\Router.php | Строка ошибки: 45 
------------------------
[2019-08-09 11:59:39] Текст ошибки: Страница не найдена | Файл ошибки: C:\OSPanel\domains\PHP\vendor\php\core\Router.php | Строка ошибки: 45 
------------------------
[2019-08-09 11:59:39] Текст ошибки: Страница не найдена | Файл ошибки: C:\OSPanel\domains\PHP\vendor\php\core\Router.php | Строка ошибки: 45 
------------------------
[2019-08-09 11:59:39] Текст ошибки: Страница не найдена | Файл ошибки: C:\OSPanel\domains\PHP\vendor\php\core\Router.php | Строка ошибки: 45 
------------------------
[2019-08-09 11:59:39] Текст ошибки: Страница не найдена | Файл ошибки: C:\OSPanel\domains\PHP\vendor\php\core\Router.php | Строка ошибки: 45 
------------------------
[2019-08-09 11:59:39] Текст ошибки: Страница не найдена | Файл ошибки: C:\OSPanel\domains\PHP\vendor\php\core\Router.php | Строка ошибки: 45 
------------------------
[2019-08-09 11:59:39] Текст ошибки: Страница не найдена | Файл ошибки: C:\OSPanel\domains\PHP\vendor\php\core\Router.php | Строка ошибки: 45 
------------------------
[2019-08-09 11:59:39] Текст ошибки: Страница не найдена | Файл ошибки: C:\OSPanel\domains\PHP\vendor\php\core\Router.php | Строка ошибки: 45 
------------------------
[2019-08-09 11:59:39] Текст ошибки: Страница не найдена | Файл ошибки: C:\OSPanel\domains\PHP\vendor\php\core\Router.php | Строка ошибки: 45 
------------------------
[2019-08-09 11:59:39] Текст ошибки: Страница не найдена | Файл ошибки: C:\OSPanel\domains\PHP\vendor\php\core\Router.php | Строка ошибки: 45 
------------------------
[2019-08-09 11:59:39] Текст ошибки: Страница не найдена | Файл ошибки: C:\OSPanel\domains\PHP\vendor\php\core\Router.php | Строка ошибки: 45 
------------------------
[2019-08-09 11:59:39] Текст ошибки: Страница не найдена | Файл ошибки: C:\OSPanel\domains\PHP\vendor\php\core\Router.php | Строка ошибки: 45 
------------------------
[2019-08-09 11:59:39] Текст ошибки: Страница не найдена | Файл ошибки: C:\OSPanel\domains\PHP\vendor\php\core\Router.php | Строка ошибки: 45 
------------------------
[2019-08-09 11:59:39] Текст ошибки: Страница не найдена | Файл ошибки: C:\OSPanel\domains\PHP\vendor\php\core\Router.php | Строка ошибки: 45 
------------------------
[2019-08-09 11:59:39] Текст ошибки: Страница не найдена | Файл ошибки: C:\OSPanel\domains\PHP\vendor\php\core\Router.php | Строка ошибки: 45 
------------------------
[2019-08-09 11:59:39] Текст ошибки: Страница не найдена | Файл ошибки: C:\OSPanel\domains\PHP\vendor\php\core\Router.php | Строка ошибки: 45 
------------------------
[2019-08-09 11:59:39] Текст ошибки: Страница не найдена | Файл ошибки: C:\OSPanel\domains\PHP\vendor\php\core\Router.php | Строка ошибки: 45 
------------------------
[2019-08-09 11:59:39] Текст ошибки: Страница не найдена | Файл ошибки: C:\OSPanel\domains\PHP\vendor\php\core\Router.php | Строка ошибки: 45 
------------------------
[2019-08-09 11:59:39] Текст ошибки: Страница не найдена | Файл ошибки: C:\OSPanel\domains\PHP\vendor\php\core\Router.php | Строка ошибки: 45 
------------------------
[2019-08-09 11:59:39] Текст ошибки: Страница не найдена | Файл ошибки: C:\OSPanel\domains\PHP\vendor\php\core\Router.php | Строка ошибки: 45 
------------------------
[2019-08-09 11:59:39] Текст ошибки: Страница не найдена | Файл ошибки: C:\OSPanel\domains\PHP\vendor\php\core\Router.php | Строка ошибки: 45 
------------------------
[2019-08-09 12:02:22] Текст ошибки: Страница не найдена | Файл ошибки: C:\OSPanel\domains\PHP\vendor\php\core\Router.php | Строка ошибки: 45 
------------------------
[2019-08-09 12:05:22] Текст ошибки: Страница не найдена | Файл ошибки: C:\OSPanel\domains\PHP\vendor\php\core\Router.php | Строка ошибки: 45 
------------------------
[2019-08-09 12:08:21] Текст ошибки: Страница не найдена | Файл ошибки: C:\OSPanel\domains\PHP\vendor\php\core\Router.php | Строка ошибки: 45 
------------------------
[2019-08-09 12:09:32] Текст ошибки: Страница не найдена | Файл ошибки: C:\OSPanel\domains\PHP\vendor\php\core\Router.php | Строка ошибки: 45 
------------------------
[2019-08-09 12:09:33] Текст ошибки: Страница не найдена | Файл ошибки: C:\OSPanel\domains\PHP\vendor\php\core\Router.php | Строка ошибки: 45 
------------------------
[2019-08-09 12:09:34] Текст ошибки: Страница не найдена | Файл ошибки: C:\OSPanel\domains\PHP\vendor\php\core\Router.php | Строка ошибки: 45 
------------------------
[2019-08-09 12:09:34] Текст ошибки: Страница не найдена | Файл ошибки: C:\OSPanel\domains\PHP\vendor\php\core\Router.php | Строка ошибки: 45 
------------------------
[2019-08-09 12:09:37] Текст ошибки: Страница не найдена | Файл ошибки: C:\OSPanel\domains\PHP\vendor\php\core\Router.php | Строка ошибки: 45 
------------------------
[2019-08-09 12:09:37] Текст ошибки: Страница не найдена | Файл ошибки: C:\OSPanel\domains\PHP\vendor\php\core\Router.php | Строка ошибки: 45 
------------------------
[2019-08-09 12:10:44] Текст ошибки: Страница не найдена | Файл ошибки: C:\OSPanel\domains\PHP\vendor\php\core\Router.php | Строка ошибки: 45 
------------------------
[2019-08-09 12:10:44] Текст ошибки: Страница не найдена | Файл ошибки: C:\OSPanel\domains\PHP\vendor\php\core\Router.php | Строка ошибки: 45 
------------------------
[2019-08-09 12:10:45] Текст ошибки: Страница не найдена | Файл ошибки: C:\OSPanel\domains\PHP\vendor\php\core\Router.php | Строка ошибки: 45 
------------------------
[2019-08-09 12:10:45] Текст ошибки: Страница не найдена | Файл ошибки: C:\OSPanel\domains\PHP\vendor\php\core\Router.php | Строка ошибки: 45 
------------------------
[2019-08-09 12:10:45] Текст ошибки: Страница не найдена | Файл ошибки: C:\OSPanel\domains\PHP\vendor\php\core\Router.php | Строка ошибки: 45 
------------------------
[2019-08-09 12:10:51] Текст ошибки: Страница не найдена | Файл ошибки: C:\OSPanel\domains\PHP\vendor\php\core\Router.php | Строка ошибки: 45 
------------------------
[2019-08-09 12:10:51] Текст ошибки: Страница не найдена | Файл ошибки: C:\OSPanel\domains\PHP\vendor\php\core\Router.php | Строка ошибки: 45 
------------------------
[2019-08-09 12:10:59] Текст ошибки: Страница не найдена | Файл ошибки: C:\OSPanel\domains\PHP\vendor\php\core\Router.php | Строка ошибки: 45 
------------------------
[2019-08-09 12:15:06] Текст ошибки: Страница не найдена | Файл ошибки: C:\OSPanel\domains\PHP\vendor\php\core\Router.php | Строка ошибки: 45 
------------------------
[2019-08-09 12:16:13] Текст ошибки: Страница не найдена | Файл ошибки: C:\OSPanel\domains\PHP\vendor\php\core\Router.php | Строка ошибки: 45 
------------------------
[2019-08-09 12:16:13] Текст ошибки: Страница не найдена | Файл ошибки: C:\OSPanel\domains\PHP\vendor\php\core\Router.php | Строка ошибки: 45 
------------------------
[2019-08-09 12:17:32] Текст ошибки: Страница не найдена | Файл ошибки: C:\OSPanel\domains\PHP\vendor\php\core\Router.php | Строка ошибки: 45 
------------------------
[2019-08-09 12:21:31] Текст ошибки: Страница не найдена | Файл ошибки: C:\OSPanel\domains\PHP\vendor\php\core\Router.php | Строка ошибки: 45 
------------------------
[2019-08-09 12:22:25] Текст ошибки: Страница не найдена | Файл ошибки: C:\OSPanel\domains\PHP\vendor\php\core\Router.php | Строка ошибки: 45 
------------------------
[2019-08-09 12:22:35] Текст ошибки: Страница не найдена | Файл ошибки: C:\OSPanel\domains\PHP\vendor\php\core\Router.php | Строка ошибки: 45 
------------------------
[2019-08-09 12:58:09] Текст ошибки: SQLSTATE[42S22]: Column not found: 1054 Unknown column 'LIMIT3' in 'where clause' | Файл ошибки: C:\OSPanel\domains\PHP\vendor\gabordemooij\redbean\RedBeanPHP\Driver\RPDO.php | Строка ошибки: 194 
------------------------
[2019-08-09 12:58:10] Текст ошибки: SQLSTATE[42S22]: Column not found: 1054 Unknown column 'LIMIT3' in 'where clause' | Файл ошибки: C:\OSPanel\domains\PHP\vendor\gabordemooij\redbean\RedBeanPHP\Driver\RPDO.php | Строка ошибки: 194 
------------------------
[2019-08-09 12:58:11] Текст ошибки: SQLSTATE[42S22]: Column not found: 1054 Unknown column 'LIMIT3' in 'where clause' | Файл ошибки: C:\OSPanel\domains\PHP\vendor\gabordemooij\redbean\RedBeanPHP\Driver\RPDO.php | Строка ошибки: 194 
------------------------
[2019-08-09 12:58:11] Текст ошибки: Страница не найдена | Файл ошибки: C:\OSPanel\domains\PHP\vendor\php\core\Router.php | Строка ошибки: 45 
------------------------
[2019-08-09 12:58:55] Текст ошибки: SQLSTATE[42S22]: Column not found: 1054 Unknown column 'LIMIT3' in 'where clause' | Файл ошибки: C:\OSPanel\domains\PHP\vendor\gabordemooij\redbean\RedBeanPHP\Driver\RPDO.php | Строка ошибки: 194 
------------------------
[2019-08-09 12:58:56] Текст ошибки: SQLSTATE[42S22]: Column not found: 1054 Unknown column 'LIMIT3' in 'where clause' | Файл ошибки: C:\OSPanel\domains\PHP\vendor\gabordemooij\redbean\RedBeanPHP\Driver\RPDO.php | Строка ошибки: 194 
------------------------
[2019-08-09 12:58:56] Текст ошибки: SQLSTATE[42S22]: Column not found: 1054 Unknown column 'LIMIT3' in 'where clause' | Файл ошибки: C:\OSPanel\domains\PHP\vendor\gabordemooij\redbean\RedBeanPHP\Driver\RPDO.php | Строка ошибки: 194 
------------------------
